<?xml version="1.0" encoding="UTF-8"?>
<!-- Generated by org.testng.reporters.JUnitXMLReporter -->
<testsuite ignored="0" hostname="Vivek" failures="0" tests="4" name="Default test" time="8.03" errors="0" timestamp="2024-04-04T11:33:15 IST">
  <testcase classname="api.test.UserTests" name="testPostUser" time="3.244"/>
  <testcase classname="api.test.UserTests" name="testGetUserByName" time="1.153"/>
  <testcase classname="api.test.UserTests" name="testUpdateUserByName" time="2.225"/>
  <testcase classname="api.test.UserTests" name="testDeleteUserByName" time="1.178"/>
</testsuite> <!-- Default test -->
