<?xml version="1.0" encoding="UTF-8"?>
<!-- Generated by org.testng.reporters.JUnitXMLReporter -->
<testsuite ignored="0" hostname="Vivek" failures="0" tests="4" name="Test" time="9.066" errors="0" timestamp="2024-04-05T09:51:54 IST">
  <testcase classname="api.test.UserTests2" name="testPostUser" time="3.258"/>
  <testcase classname="api.test.UserTests2" name="testGetUserByName" time="1.352"/>
  <testcase classname="api.test.UserTests2" name="testUpdateUserByName" time="2.558"/>
  <testcase classname="api.test.UserTests2" name="testDeleteUserByName" time="1.444"/>
</testsuite> <!-- Test -->
