<?xml version="1.0" encoding="UTF-8"?>
<!-- Generated by org.testng.reporters.JUnitXMLReporter -->
<testsuite ignored="0" hostname="Vivek" failures="0" tests="4" name="Test" time="8.753" errors="0" timestamp="2024-04-05T10:30:19 IST">
  <testcase classname="api.test.UserTests2" name="testPostUser" time="3.291"/>
  <testcase classname="api.test.UserTests2" name="testGetUserByName" time="1.241"/>
  <testcase classname="api.test.UserTests2" name="testUpdateUserByName" time="2.493"/>
  <testcase classname="api.test.UserTests2" name="testDeleteUserByName" time="1.291"/>
</testsuite> <!-- Test -->
