<?xml version="1.0" encoding="UTF-8"?>
<!-- Generated by org.testng.reporters.JUnitXMLReporter -->
<testsuite ignored="0" hostname="Vivek" failures="0" tests="4" name="Test" time="8.204" errors="0" timestamp="2024-04-06T09:28:16 IST">
  <testcase classname="api.test.UserTests2" name="testPostUser" time="2.832"/>
  <testcase classname="api.test.UserTests2" name="testGetUserByName" time="1.251"/>
  <testcase classname="api.test.UserTests2" name="testUpdateUserByName" time="2.469"/>
  <testcase classname="api.test.UserTests2" name="testDeleteUserByName" time="1.219"/>
</testsuite> <!-- Test -->
