<?xml version="1.0" encoding="UTF-8"?>
<testsuite xmlns:xsi="http://www.w3.org/2001/XMLSchema-instance" xsi:noNamespaceSchemaLocation="https://maven.apache.org/surefire/maven-surefire-plugin/xsd/surefire-test-report-3.0.xsd" version="3.0" name="TestSuite" time="8.984" tests="4" errors="0" skipped="0" failures="0">
  <properties>
[...]
</properties>
  <testcase name="testPostUser" classname="api.test.UserTests2" time="2.847">
    <system-out><![CDATA[04-97-2024 09:28:08 UserTests2.java INFO  [main] /PetStoreAutomation/logs 51 - Creating User
04-97-2024 09:28:09 BasicClientConnectionManager.java DEBUG [main] conn.BasicClientConnectionManager 161 - Get connection for route {s}->https://petstore.swagger.io:443
04-97-2024 09:28:09 DefaultClientConnectionOperator.java DEBUG [main] conn.DefaultClientConnectionOperator 177 - Connecting to petstore.swagger.io:443
04-97-2024 09:28:10 RequestAddCookies.java DEBUG [main] protocol.RequestAddCookies 123 - CookieSpec selected: ignoreCookies
04-97-2024 09:28:10 RequestAuthCache.java DEBUG [main] protocol.RequestAuthCache 77 - Auth cache not set in the context
04-97-2024 09:28:10 RequestTargetAuthentication.java DEBUG [main] protocol.RequestTargetAuthentication 80 - Target auth state: UNCHALLENGED
04-97-2024 09:28:10 RequestProxyAuthentication.java DEBUG [main] protocol.RequestProxyAuthentication 89 - Proxy auth state: UNCHALLENGED
04-97-2024 09:28:10 DefaultRequestDirector.java DEBUG [main] client.DefaultHttpClient 677 - Attempt 1 to execute request
04-97-2024 09:28:10 DefaultClientConnection.java DEBUG [main] conn.DefaultClientConnection 274 - Sending request: POST /v2/user HTTP/1.1
04-97-2024 09:28:10 Wire.java DEBUG [main] http.wire 73 -  >> "POST /v2/user HTTP/1.1[\r][\n]"
04-97-2024 09:28:10 Wire.java DEBUG [main] http.wire 73 -  >> "Accept: application/json, application/javascript, text/javascript, text/json[\r][\n]"
04-97-2024 09:28:10 Wire.java DEBUG [main] http.wire 73 -  >> "Content-Type: application/json[\r][\n]"
04-97-2024 09:28:10 Wire.java DEBUG [main] http.wire 73 -  >> "Content-Length: 193[\r][\n]"
04-97-2024 09:28:10 Wire.java DEBUG [main] http.wire 73 -  >> "Host: petstore.swagger.io[\r][\n]"
04-97-2024 09:28:10 Wire.java DEBUG [main] http.wire 73 -  >> "Connection: Keep-Alive[\r][\n]"
04-97-2024 09:28:10 Wire.java DEBUG [main] http.wire 73 -  >> "User-Agent: Apache-HttpClient/4.5.13 (Java/17.0.8)[\r][\n]"
04-97-2024 09:28:10 Wire.java DEBUG [main] http.wire 73 -  >> "Accept-Encoding: gzip,deflate[\r][\n]"
04-97-2024 09:28:10 Wire.java DEBUG [main] http.wire 73 -  >> "[\r][\n]"
04-97-2024 09:28:10 DefaultClientConnection.java DEBUG [main] http.headers 278 - >> POST /v2/user HTTP/1.1
04-97-2024 09:28:10 DefaultClientConnection.java DEBUG [main] http.headers 281 - >> Accept: application/json, application/javascript, text/javascript, text/json
04-97-2024 09:28:10 DefaultClientConnection.java DEBUG [main] http.headers 281 - >> Content-Type: application/json
04-97-2024 09:28:10 DefaultClientConnection.java DEBUG [main] http.headers 281 - >> Content-Length: 193
04-97-2024 09:28:10 DefaultClientConnection.java DEBUG [main] http.headers 281 - >> Host: petstore.swagger.io
04-97-2024 09:28:10 DefaultClientConnection.java DEBUG [main] http.headers 281 - >> Connection: Keep-Alive
04-97-2024 09:28:10 DefaultClientConnection.java DEBUG [main] http.headers 281 - >> User-Agent: Apache-HttpClient/4.5.13 (Java/17.0.8)
04-97-2024 09:28:10 DefaultClientConnection.java DEBUG [main] http.headers 281 - >> Accept-Encoding: gzip,deflate
04-97-2024 09:28:10 Wire.java DEBUG [main] http.wire 87 -  >> "{"id":1225568095,"username":"kristy.wilderman","firstname":"Delores","lastname":"Vandervort","email":"remedios.ledner@hotmail.com","password":"h0rut0f5","phone":"1-510-919-9813","userStatus":0}"
04-97-2024 09:28:11 Wire.java DEBUG [main] http.wire 73 -  << "HTTP/1.1 200 OK[\r][\n]"
04-97-2024 09:28:11 Wire.java DEBUG [main] http.wire 73 -  << "Date: Sat, 06 Apr 2024 03:58:11 GMT[\r][\n]"
04-97-2024 09:28:11 Wire.java DEBUG [main] http.wire 73 -  << "Content-Type: application/json[\r][\n]"
04-97-2024 09:28:11 Wire.java DEBUG [main] http.wire 73 -  << "Transfer-Encoding: chunked[\r][\n]"
04-97-2024 09:28:11 Wire.java DEBUG [main] http.wire 73 -  << "Connection: keep-alive[\r][\n]"
04-97-2024 09:28:11 Wire.java DEBUG [main] http.wire 73 -  << "Access-Control-Allow-Origin: *[\r][\n]"
04-97-2024 09:28:11 Wire.java DEBUG [main] http.wire 73 -  << "Access-Control-Allow-Methods: GET, POST, DELETE, PUT[\r][\n]"
04-97-2024 09:28:11 Wire.java DEBUG [main] http.wire 73 -  << "Access-Control-Allow-Headers: Content-Type, api_key, Authorization[\r][\n]"
04-97-2024 09:28:11 Wire.java DEBUG [main] http.wire 73 -  << "Server: Jetty(9.2.9.v20150224)[\r][\n]"
04-97-2024 09:28:11 Wire.java DEBUG [main] http.wire 73 -  << "[\r][\n]"
04-97-2024 09:28:11 DefaultClientConnection.java DEBUG [main] conn.DefaultClientConnection 259 - Receiving response: HTTP/1.1 200 OK
04-97-2024 09:28:11 DefaultClientConnection.java DEBUG [main] http.headers 262 - << HTTP/1.1 200 OK
04-97-2024 09:28:11 DefaultClientConnection.java DEBUG [main] http.headers 265 - << Date: Sat, 06 Apr 2024 03:58:11 GMT
04-97-2024 09:28:11 DefaultClientConnection.java DEBUG [main] http.headers 265 - << Content-Type: application/json
04-97-2024 09:28:11 DefaultClientConnection.java DEBUG [main] http.headers 265 - << Transfer-Encoding: chunked
04-97-2024 09:28:11 DefaultClientConnection.java DEBUG [main] http.headers 265 - << Connection: keep-alive
04-97-2024 09:28:11 DefaultClientConnection.java DEBUG [main] http.headers 265 - << Access-Control-Allow-Origin: *
04-97-2024 09:28:11 DefaultClientConnection.java DEBUG [main] http.headers 265 - << Access-Control-Allow-Methods: GET, POST, DELETE, PUT
04-97-2024 09:28:11 DefaultClientConnection.java DEBUG [main] http.headers 265 - << Access-Control-Allow-Headers: Content-Type, api_key, Authorization
04-97-2024 09:28:11 DefaultClientConnection.java DEBUG [main] http.headers 265 - << Server: Jetty(9.2.9.v20150224)
04-97-2024 09:28:11 DefaultRequestDirector.java DEBUG [main] client.DefaultHttpClient 504 - Connection can be kept alive indefinitely
04-97-2024 09:28:11 HTTPBuilder.java DEBUG [main] internal.RestAssuredHttpBuilder 553 - Parsing response as: application/json
04-97-2024 09:28:11 HTTPBuilder.java DEBUG [main] internal.RestAssuredHttpBuilder 556 - Parsed data to instance of: class org.apache.http.conn.EofSensorInputStream
04-97-2024 09:28:11 Wire.java DEBUG [main] http.wire 73 -  << "34[\r][\n]"
04-97-2024 09:28:11 Wire.java DEBUG [main] http.wire 87 -  << "{"code":200,"type":"unknown","message":"1225568095"}"
04-97-2024 09:28:11 Wire.java DEBUG [main] http.wire 73 -  << "[\r][\n]"
04-97-2024 09:28:11 Wire.java DEBUG [main] http.wire 73 -  << "0[\r][\n]"
04-97-2024 09:28:11 Wire.java DEBUG [main] http.wire 73 -  << "[\r][\n]"
04-97-2024 09:28:11 BasicClientConnectionManager.java DEBUG [main] conn.BasicClientConnectionManager 200 - Releasing connection org.apache.http.impl.conn.ManagedClientConnectionImpl@779b4f9c
04-97-2024 09:28:11 BasicClientConnectionManager.java DEBUG [main] conn.BasicClientConnectionManager 225 - Connection can be kept alive indefinitely
HTTP/1.1 200 OK
Date: Sat, 06 Apr 2024 03:58:11 GMT
Content-Type: application/json
Transfer-Encoding: chunked
Connection: keep-alive
Access-Control-Allow-Origin: *
Access-Control-Allow-Methods: GET, POST, DELETE, PUT
Access-Control-Allow-Headers: Content-Type, api_key, Authorization
Server: Jetty(9.2.9.v20150224)

{
    "code": 200,
    "type": "unknown",
    "message": "1225568095"
}
04-97-2024 09:28:11 UserTests2.java INFO  [main] /PetStoreAutomation/logs 55 - User is created
]]></system-out>
    <system-err><![CDATA[SLF4J: Failed to load class "org.slf4j.impl.StaticLoggerBinder".
SLF4J: Defaulting to no-operation (NOP) logger implementation
SLF4J: See http://www.slf4j.org/codes.html#StaticLoggerBinder for further details.
]]></system-err>
  </testcase>
  <testcase name="testGetUserByName" classname="api.test.UserTests2" time="1.256">
    <system-out><![CDATA[04-97-2024 09:28:11 UserTests2.java INFO  [main] /PetStoreAutomation/logs 62 - geting User info
04-97-2024 09:28:11 BasicClientConnectionManager.java DEBUG [main] conn.BasicClientConnectionManager 161 - Get connection for route {s}->https://petstore.swagger.io:443
04-97-2024 09:28:11 DefaultClientConnectionOperator.java DEBUG [main] conn.DefaultClientConnectionOperator 177 - Connecting to petstore.swagger.io:443
04-97-2024 09:28:12 RequestAddCookies.java DEBUG [main] protocol.RequestAddCookies 123 - CookieSpec selected: ignoreCookies
04-97-2024 09:28:12 RequestAuthCache.java DEBUG [main] protocol.RequestAuthCache 77 - Auth cache not set in the context
04-97-2024 09:28:12 RequestTargetAuthentication.java DEBUG [main] protocol.RequestTargetAuthentication 80 - Target auth state: UNCHALLENGED
04-97-2024 09:28:12 RequestProxyAuthentication.java DEBUG [main] protocol.RequestProxyAuthentication 89 - Proxy auth state: UNCHALLENGED
04-97-2024 09:28:12 DefaultRequestDirector.java DEBUG [main] client.DefaultHttpClient 677 - Attempt 1 to execute request
04-97-2024 09:28:12 DefaultClientConnection.java DEBUG [main] conn.DefaultClientConnection 274 - Sending request: GET /v2/user/kristy.wilderman HTTP/1.1
04-97-2024 09:28:12 Wire.java DEBUG [main] http.wire 73 -  >> "GET /v2/user/kristy.wilderman HTTP/1.1[\r][\n]"
04-97-2024 09:28:12 Wire.java DEBUG [main] http.wire 73 -  >> "Accept: */*[\r][\n]"
04-97-2024 09:28:12 Wire.java DEBUG [main] http.wire 73 -  >> "Host: petstore.swagger.io[\r][\n]"
04-97-2024 09:28:12 Wire.java DEBUG [main] http.wire 73 -  >> "Connection: Keep-Alive[\r][\n]"
04-97-2024 09:28:12 Wire.java DEBUG [main] http.wire 73 -  >> "User-Agent: Apache-HttpClient/4.5.13 (Java/17.0.8)[\r][\n]"
04-97-2024 09:28:12 Wire.java DEBUG [main] http.wire 73 -  >> "Accept-Encoding: gzip,deflate[\r][\n]"
04-97-2024 09:28:12 Wire.java DEBUG [main] http.wire 73 -  >> "[\r][\n]"
04-97-2024 09:28:12 DefaultClientConnection.java DEBUG [main] http.headers 278 - >> GET /v2/user/kristy.wilderman HTTP/1.1
04-97-2024 09:28:12 DefaultClientConnection.java DEBUG [main] http.headers 281 - >> Accept: */*
04-97-2024 09:28:12 DefaultClientConnection.java DEBUG [main] http.headers 281 - >> Host: petstore.swagger.io
04-97-2024 09:28:12 DefaultClientConnection.java DEBUG [main] http.headers 281 - >> Connection: Keep-Alive
04-97-2024 09:28:12 DefaultClientConnection.java DEBUG [main] http.headers 281 - >> User-Agent: Apache-HttpClient/4.5.13 (Java/17.0.8)
04-97-2024 09:28:12 DefaultClientConnection.java DEBUG [main] http.headers 281 - >> Accept-Encoding: gzip,deflate
04-97-2024 09:28:12 Wire.java DEBUG [main] http.wire 73 -  << "HTTP/1.1 200 OK[\r][\n]"
04-97-2024 09:28:12 Wire.java DEBUG [main] http.wire 73 -  << "Date: Sat, 06 Apr 2024 03:58:12 GMT[\r][\n]"
04-97-2024 09:28:12 Wire.java DEBUG [main] http.wire 73 -  << "Content-Type: application/json[\r][\n]"
04-97-2024 09:28:12 Wire.java DEBUG [main] http.wire 73 -  << "Transfer-Encoding: chunked[\r][\n]"
04-97-2024 09:28:12 Wire.java DEBUG [main] http.wire 73 -  << "Connection: keep-alive[\r][\n]"
04-97-2024 09:28:12 Wire.java DEBUG [main] http.wire 73 -  << "Access-Control-Allow-Origin: *[\r][\n]"
04-97-2024 09:28:12 Wire.java DEBUG [main] http.wire 73 -  << "Access-Control-Allow-Methods: GET, POST, DELETE, PUT[\r][\n]"
04-97-2024 09:28:12 Wire.java DEBUG [main] http.wire 73 -  << "Access-Control-Allow-Headers: Content-Type, api_key, Authorization[\r][\n]"
04-97-2024 09:28:12 Wire.java DEBUG [main] http.wire 73 -  << "Server: Jetty(9.2.9.v20150224)[\r][\n]"
04-97-2024 09:28:12 Wire.java DEBUG [main] http.wire 73 -  << "[\r][\n]"
04-97-2024 09:28:12 DefaultClientConnection.java DEBUG [main] conn.DefaultClientConnection 259 - Receiving response: HTTP/1.1 200 OK
04-97-2024 09:28:12 DefaultClientConnection.java DEBUG [main] http.headers 262 - << HTTP/1.1 200 OK
04-97-2024 09:28:12 DefaultClientConnection.java DEBUG [main] http.headers 265 - << Date: Sat, 06 Apr 2024 03:58:12 GMT
04-97-2024 09:28:12 DefaultClientConnection.java DEBUG [main] http.headers 265 - << Content-Type: application/json
04-97-2024 09:28:12 DefaultClientConnection.java DEBUG [main] http.headers 265 - << Transfer-Encoding: chunked
04-97-2024 09:28:12 DefaultClientConnection.java DEBUG [main] http.headers 265 - << Connection: keep-alive
04-97-2024 09:28:12 DefaultClientConnection.java DEBUG [main] http.headers 265 - << Access-Control-Allow-Origin: *
04-97-2024 09:28:12 DefaultClientConnection.java DEBUG [main] http.headers 265 - << Access-Control-Allow-Methods: GET, POST, DELETE, PUT
04-97-2024 09:28:12 DefaultClientConnection.java DEBUG [main] http.headers 265 - << Access-Control-Allow-Headers: Content-Type, api_key, Authorization
04-97-2024 09:28:12 DefaultClientConnection.java DEBUG [main] http.headers 265 - << Server: Jetty(9.2.9.v20150224)
04-97-2024 09:28:12 DefaultRequestDirector.java DEBUG [main] client.DefaultHttpClient 504 - Connection can be kept alive indefinitely
04-97-2024 09:28:12 HTTPBuilder.java DEBUG [main] internal.RestAssuredHttpBuilder 553 - Parsing response as: application/json
04-97-2024 09:28:12 HTTPBuilder.java DEBUG [main] internal.RestAssuredHttpBuilder 556 - Parsed data to instance of: class org.apache.http.conn.EofSensorInputStream
04-97-2024 09:28:12 Wire.java DEBUG [main] http.wire 73 -  << "93[\r][\n]"
04-97-2024 09:28:12 Wire.java DEBUG [main] http.wire 87 -  << "{"id":1225568095,"username":"kristy.wilderman","email":"remedios.ledner@hotmail.com","password":"h0rut0f5","phone":"1-510-919-9813","userStatus":0}"
04-97-2024 09:28:12 Wire.java DEBUG [main] http.wire 73 -  << "[\r][\n]"
04-97-2024 09:28:12 Wire.java DEBUG [main] http.wire 73 -  << "0[\r][\n]"
04-97-2024 09:28:12 Wire.java DEBUG [main] http.wire 73 -  << "[\r][\n]"
04-97-2024 09:28:12 BasicClientConnectionManager.java DEBUG [main] conn.BasicClientConnectionManager 200 - Releasing connection org.apache.http.impl.conn.ManagedClientConnectionImpl@77476fcf
04-97-2024 09:28:12 BasicClientConnectionManager.java DEBUG [main] conn.BasicClientConnectionManager 225 - Connection can be kept alive indefinitely
HTTP/1.1 200 OK
Date: Sat, 06 Apr 2024 03:58:12 GMT
Content-Type: application/json
Transfer-Encoding: chunked
Connection: keep-alive
Access-Control-Allow-Origin: *
Access-Control-Allow-Methods: GET, POST, DELETE, PUT
Access-Control-Allow-Headers: Content-Type, api_key, Authorization
Server: Jetty(9.2.9.v20150224)

{
    "id": 1225568095,
    "username": "kristy.wilderman",
    "email": "remedios.ledner@hotmail.com",
    "password": "h0rut0f5",
    "phone": "1-510-919-9813",
    "userStatus": 0
}
04-97-2024 09:28:12 UserTests2.java INFO  [main] /PetStoreAutomation/logs 68 - User info is displayed
]]></system-out>
  </testcase>
  <testcase name="testUpdateUserByName" classname="api.test.UserTests2" time="2.469">
    <system-out><![CDATA[04-97-2024 09:28:12 UserTests2.java INFO  [main] /PetStoreAutomation/logs 76 - Updating User
04-97-2024 09:28:12 BasicClientConnectionManager.java DEBUG [main] conn.BasicClientConnectionManager 161 - Get connection for route {s}->https://petstore.swagger.io:443
04-97-2024 09:28:12 DefaultClientConnectionOperator.java DEBUG [main] conn.DefaultClientConnectionOperator 177 - Connecting to petstore.swagger.io:443
04-97-2024 09:28:13 RequestAddCookies.java DEBUG [main] protocol.RequestAddCookies 123 - CookieSpec selected: ignoreCookies
04-97-2024 09:28:13 RequestAuthCache.java DEBUG [main] protocol.RequestAuthCache 77 - Auth cache not set in the context
04-97-2024 09:28:13 RequestTargetAuthentication.java DEBUG [main] protocol.RequestTargetAuthentication 80 - Target auth state: UNCHALLENGED
04-97-2024 09:28:13 RequestProxyAuthentication.java DEBUG [main] protocol.RequestProxyAuthentication 89 - Proxy auth state: UNCHALLENGED
04-97-2024 09:28:13 DefaultRequestDirector.java DEBUG [main] client.DefaultHttpClient 677 - Attempt 1 to execute request
04-97-2024 09:28:13 DefaultClientConnection.java DEBUG [main] conn.DefaultClientConnection 274 - Sending request: PUT /v2/user/kristy.wilderman HTTP/1.1
04-97-2024 09:28:13 Wire.java DEBUG [main] http.wire 73 -  >> "PUT /v2/user/kristy.wilderman HTTP/1.1[\r][\n]"
04-97-2024 09:28:13 Wire.java DEBUG [main] http.wire 73 -  >> "Accept: application/json, application/javascript, text/javascript, text/json[\r][\n]"
04-97-2024 09:28:13 Wire.java DEBUG [main] http.wire 73 -  >> "Content-Type: application/json[\r][\n]"
04-97-2024 09:28:13 Wire.java DEBUG [main] http.wire 73 -  >> "Content-Length: 190[\r][\n]"
04-97-2024 09:28:13 Wire.java DEBUG [main] http.wire 73 -  >> "Host: petstore.swagger.io[\r][\n]"
04-97-2024 09:28:13 Wire.java DEBUG [main] http.wire 73 -  >> "Connection: Keep-Alive[\r][\n]"
04-97-2024 09:28:13 Wire.java DEBUG [main] http.wire 73 -  >> "User-Agent: Apache-HttpClient/4.5.13 (Java/17.0.8)[\r][\n]"
04-97-2024 09:28:13 Wire.java DEBUG [main] http.wire 73 -  >> "Accept-Encoding: gzip,deflate[\r][\n]"
04-97-2024 09:28:13 Wire.java DEBUG [main] http.wire 73 -  >> "[\r][\n]"
04-97-2024 09:28:13 DefaultClientConnection.java DEBUG [main] http.headers 278 - >> PUT /v2/user/kristy.wilderman HTTP/1.1
04-97-2024 09:28:13 DefaultClientConnection.java DEBUG [main] http.headers 281 - >> Accept: application/json, application/javascript, text/javascript, text/json
04-97-2024 09:28:13 DefaultClientConnection.java DEBUG [main] http.headers 281 - >> Content-Type: application/json
04-97-2024 09:28:13 DefaultClientConnection.java DEBUG [main] http.headers 281 - >> Content-Length: 190
04-97-2024 09:28:13 DefaultClientConnection.java DEBUG [main] http.headers 281 - >> Host: petstore.swagger.io
04-97-2024 09:28:13 DefaultClientConnection.java DEBUG [main] http.headers 281 - >> Connection: Keep-Alive
04-97-2024 09:28:13 DefaultClientConnection.java DEBUG [main] http.headers 281 - >> User-Agent: Apache-HttpClient/4.5.13 (Java/17.0.8)
04-97-2024 09:28:13 DefaultClientConnection.java DEBUG [main] http.headers 281 - >> Accept-Encoding: gzip,deflate
04-97-2024 09:28:13 Wire.java DEBUG [main] http.wire 87 -  >> "{"id":1225568095,"username":"kristy.wilderman","firstname":"Chia","lastname":"Roberts","email":"tabitha.morissette@hotmail.com","password":"h0rut0f5","phone":"1-510-919-9813","userStatus":0}"
04-97-2024 09:28:13 Wire.java DEBUG [main] http.wire 73 -  << "HTTP/1.1 200 OK[\r][\n]"
04-97-2024 09:28:13 Wire.java DEBUG [main] http.wire 73 -  << "Date: Sat, 06 Apr 2024 03:58:14 GMT[\r][\n]"
04-97-2024 09:28:13 Wire.java DEBUG [main] http.wire 73 -  << "Content-Type: application/json[\r][\n]"
04-97-2024 09:28:13 Wire.java DEBUG [main] http.wire 73 -  << "Transfer-Encoding: chunked[\r][\n]"
04-97-2024 09:28:13 Wire.java DEBUG [main] http.wire 73 -  << "Connection: keep-alive[\r][\n]"
04-97-2024 09:28:13 Wire.java DEBUG [main] http.wire 73 -  << "Access-Control-Allow-Origin: *[\r][\n]"
04-97-2024 09:28:13 Wire.java DEBUG [main] http.wire 73 -  << "Access-Control-Allow-Methods: GET, POST, DELETE, PUT[\r][\n]"
04-97-2024 09:28:13 Wire.java DEBUG [main] http.wire 73 -  << "Access-Control-Allow-Headers: Content-Type, api_key, Authorization[\r][\n]"
04-97-2024 09:28:13 Wire.java DEBUG [main] http.wire 73 -  << "Server: Jetty(9.2.9.v20150224)[\r][\n]"
04-97-2024 09:28:13 Wire.java DEBUG [main] http.wire 73 -  << "[\r][\n]"
04-97-2024 09:28:13 DefaultClientConnection.java DEBUG [main] conn.DefaultClientConnection 259 - Receiving response: HTTP/1.1 200 OK
04-97-2024 09:28:13 DefaultClientConnection.java DEBUG [main] http.headers 262 - << HTTP/1.1 200 OK
04-97-2024 09:28:13 DefaultClientConnection.java DEBUG [main] http.headers 265 - << Date: Sat, 06 Apr 2024 03:58:14 GMT
04-97-2024 09:28:13 DefaultClientConnection.java DEBUG [main] http.headers 265 - << Content-Type: application/json
04-97-2024 09:28:13 DefaultClientConnection.java DEBUG [main] http.headers 265 - << Transfer-Encoding: chunked
04-97-2024 09:28:13 DefaultClientConnection.java DEBUG [main] http.headers 265 - << Connection: keep-alive
04-97-2024 09:28:13 DefaultClientConnection.java DEBUG [main] http.headers 265 - << Access-Control-Allow-Origin: *
04-97-2024 09:28:13 DefaultClientConnection.java DEBUG [main] http.headers 265 - << Access-Control-Allow-Methods: GET, POST, DELETE, PUT
04-97-2024 09:28:13 DefaultClientConnection.java DEBUG [main] http.headers 265 - << Access-Control-Allow-Headers: Content-Type, api_key, Authorization
04-97-2024 09:28:13 DefaultClientConnection.java DEBUG [main] http.headers 265 - << Server: Jetty(9.2.9.v20150224)
04-97-2024 09:28:13 DefaultRequestDirector.java DEBUG [main] client.DefaultHttpClient 504 - Connection can be kept alive indefinitely
04-97-2024 09:28:13 HTTPBuilder.java DEBUG [main] internal.RestAssuredHttpBuilder 553 - Parsing response as: application/json
04-97-2024 09:28:13 HTTPBuilder.java DEBUG [main] internal.RestAssuredHttpBuilder 556 - Parsed data to instance of: class org.apache.http.conn.EofSensorInputStream
04-97-2024 09:28:13 Wire.java DEBUG [main] http.wire 73 -  << "34[\r][\n]"
04-97-2024 09:28:13 Wire.java DEBUG [main] http.wire 87 -  << "{"code":200,"type":"unknown","message":"1225568095"}"
04-97-2024 09:28:13 Wire.java DEBUG [main] http.wire 73 -  << "[\r][\n]"
04-97-2024 09:28:13 Wire.java DEBUG [main] http.wire 73 -  << "0[\r][\n]"
04-97-2024 09:28:13 Wire.java DEBUG [main] http.wire 73 -  << "[\r][\n]"
04-97-2024 09:28:13 BasicClientConnectionManager.java DEBUG [main] conn.BasicClientConnectionManager 200 - Releasing connection org.apache.http.impl.conn.ManagedClientConnectionImpl@fee7ca
04-97-2024 09:28:13 BasicClientConnectionManager.java DEBUG [main] conn.BasicClientConnectionManager 225 - Connection can be kept alive indefinitely
{
    "code": 200,
    "type": "unknown",
    "message": "1225568095"
}
04-97-2024 09:28:13 UserTests2.java INFO  [main] /PetStoreAutomation/logs 86 - User is updated
04-97-2024 09:28:13 BasicClientConnectionManager.java DEBUG [main] conn.BasicClientConnectionManager 161 - Get connection for route {s}->https://petstore.swagger.io:443
04-97-2024 09:28:13 DefaultClientConnectionOperator.java DEBUG [main] conn.DefaultClientConnectionOperator 177 - Connecting to petstore.swagger.io:443
04-97-2024 09:28:14 RequestAddCookies.java DEBUG [main] protocol.RequestAddCookies 123 - CookieSpec selected: ignoreCookies
04-97-2024 09:28:14 RequestAuthCache.java DEBUG [main] protocol.RequestAuthCache 77 - Auth cache not set in the context
04-97-2024 09:28:14 RequestTargetAuthentication.java DEBUG [main] protocol.RequestTargetAuthentication 80 - Target auth state: UNCHALLENGED
04-97-2024 09:28:14 RequestProxyAuthentication.java DEBUG [main] protocol.RequestProxyAuthentication 89 - Proxy auth state: UNCHALLENGED
04-97-2024 09:28:14 DefaultRequestDirector.java DEBUG [main] client.DefaultHttpClient 677 - Attempt 1 to execute request
04-97-2024 09:28:14 DefaultClientConnection.java DEBUG [main] conn.DefaultClientConnection 274 - Sending request: GET /v2/user/kristy.wilderman HTTP/1.1
04-97-2024 09:28:14 Wire.java DEBUG [main] http.wire 73 -  >> "GET /v2/user/kristy.wilderman HTTP/1.1[\r][\n]"
04-97-2024 09:28:14 Wire.java DEBUG [main] http.wire 73 -  >> "Accept: */*[\r][\n]"
04-97-2024 09:28:14 Wire.java DEBUG [main] http.wire 73 -  >> "Host: petstore.swagger.io[\r][\n]"
04-97-2024 09:28:14 Wire.java DEBUG [main] http.wire 73 -  >> "Connection: Keep-Alive[\r][\n]"
04-97-2024 09:28:14 Wire.java DEBUG [main] http.wire 73 -  >> "User-Agent: Apache-HttpClient/4.5.13 (Java/17.0.8)[\r][\n]"
04-97-2024 09:28:14 Wire.java DEBUG [main] http.wire 73 -  >> "Accept-Encoding: gzip,deflate[\r][\n]"
04-97-2024 09:28:14 Wire.java DEBUG [main] http.wire 73 -  >> "[\r][\n]"
04-97-2024 09:28:14 DefaultClientConnection.java DEBUG [main] http.headers 278 - >> GET /v2/user/kristy.wilderman HTTP/1.1
04-97-2024 09:28:14 DefaultClientConnection.java DEBUG [main] http.headers 281 - >> Accept: */*
04-97-2024 09:28:14 DefaultClientConnection.java DEBUG [main] http.headers 281 - >> Host: petstore.swagger.io
04-97-2024 09:28:14 DefaultClientConnection.java DEBUG [main] http.headers 281 - >> Connection: Keep-Alive
04-97-2024 09:28:14 DefaultClientConnection.java DEBUG [main] http.headers 281 - >> User-Agent: Apache-HttpClient/4.5.13 (Java/17.0.8)
04-97-2024 09:28:14 DefaultClientConnection.java DEBUG [main] http.headers 281 - >> Accept-Encoding: gzip,deflate
04-97-2024 09:28:15 Wire.java DEBUG [main] http.wire 73 -  << "HTTP/1.1 200 OK[\r][\n]"
04-97-2024 09:28:15 Wire.java DEBUG [main] http.wire 73 -  << "Date: Sat, 06 Apr 2024 03:58:15 GMT[\r][\n]"
04-97-2024 09:28:15 Wire.java DEBUG [main] http.wire 73 -  << "Content-Type: application/json[\r][\n]"
04-97-2024 09:28:15 Wire.java DEBUG [main] http.wire 73 -  << "Transfer-Encoding: chunked[\r][\n]"
04-97-2024 09:28:15 Wire.java DEBUG [main] http.wire 73 -  << "Connection: keep-alive[\r][\n]"
04-97-2024 09:28:15 Wire.java DEBUG [main] http.wire 73 -  << "Access-Control-Allow-Origin: *[\r][\n]"
04-97-2024 09:28:15 Wire.java DEBUG [main] http.wire 73 -  << "Access-Control-Allow-Methods: GET, POST, DELETE, PUT[\r][\n]"
04-97-2024 09:28:15 Wire.java DEBUG [main] http.wire 73 -  << "Access-Control-Allow-Headers: Content-Type, api_key, Authorization[\r][\n]"
04-97-2024 09:28:15 Wire.java DEBUG [main] http.wire 73 -  << "Server: Jetty(9.2.9.v20150224)[\r][\n]"
04-97-2024 09:28:15 Wire.java DEBUG [main] http.wire 73 -  << "[\r][\n]"
04-97-2024 09:28:15 DefaultClientConnection.java DEBUG [main] conn.DefaultClientConnection 259 - Receiving response: HTTP/1.1 200 OK
04-97-2024 09:28:15 DefaultClientConnection.java DEBUG [main] http.headers 262 - << HTTP/1.1 200 OK
04-97-2024 09:28:15 DefaultClientConnection.java DEBUG [main] http.headers 265 - << Date: Sat, 06 Apr 2024 03:58:15 GMT
04-97-2024 09:28:15 DefaultClientConnection.java DEBUG [main] http.headers 265 - << Content-Type: application/json
04-97-2024 09:28:15 DefaultClientConnection.java DEBUG [main] http.headers 265 - << Transfer-Encoding: chunked
04-97-2024 09:28:15 DefaultClientConnection.java DEBUG [main] http.headers 265 - << Connection: keep-alive
04-97-2024 09:28:15 DefaultClientConnection.java DEBUG [main] http.headers 265 - << Access-Control-Allow-Origin: *
04-97-2024 09:28:15 DefaultClientConnection.java DEBUG [main] http.headers 265 - << Access-Control-Allow-Methods: GET, POST, DELETE, PUT
04-97-2024 09:28:15 DefaultClientConnection.java DEBUG [main] http.headers 265 - << Access-Control-Allow-Headers: Content-Type, api_key, Authorization
04-97-2024 09:28:15 DefaultClientConnection.java DEBUG [main] http.headers 265 - << Server: Jetty(9.2.9.v20150224)
04-97-2024 09:28:15 DefaultRequestDirector.java DEBUG [main] client.DefaultHttpClient 504 - Connection can be kept alive indefinitely
04-97-2024 09:28:15 HTTPBuilder.java DEBUG [main] internal.RestAssuredHttpBuilder 553 - Parsing response as: application/json
04-97-2024 09:28:15 HTTPBuilder.java DEBUG [main] internal.RestAssuredHttpBuilder 556 - Parsed data to instance of: class org.apache.http.conn.EofSensorInputStream
]]></system-out>
  </testcase>
  <testcase name="testDeleteUserByName" classname="api.test.UserTests2" time="1.22">
    <system-out><![CDATA[04-97-2024 09:28:15 UserTests2.java INFO  [main] /PetStoreAutomation/logs 97 - Deleting User
04-97-2024 09:28:15 BasicClientConnectionManager.java DEBUG [main] conn.BasicClientConnectionManager 161 - Get connection for route {s}->https://petstore.swagger.io:443
04-97-2024 09:28:15 DefaultClientConnectionOperator.java DEBUG [main] conn.DefaultClientConnectionOperator 177 - Connecting to petstore.swagger.io:443
04-97-2024 09:28:16 RequestAddCookies.java DEBUG [main] protocol.RequestAddCookies 123 - CookieSpec selected: ignoreCookies
04-97-2024 09:28:16 RequestAuthCache.java DEBUG [main] protocol.RequestAuthCache 77 - Auth cache not set in the context
04-97-2024 09:28:16 RequestTargetAuthentication.java DEBUG [main] protocol.RequestTargetAuthentication 80 - Target auth state: UNCHALLENGED
04-97-2024 09:28:16 RequestProxyAuthentication.java DEBUG [main] protocol.RequestProxyAuthentication 89 - Proxy auth state: UNCHALLENGED
04-97-2024 09:28:16 DefaultRequestDirector.java DEBUG [main] client.DefaultHttpClient 677 - Attempt 1 to execute request
04-97-2024 09:28:16 DefaultClientConnection.java DEBUG [main] conn.DefaultClientConnection 274 - Sending request: DELETE /v2/user/kristy.wilderman HTTP/1.1
04-97-2024 09:28:16 Wire.java DEBUG [main] http.wire 73 -  >> "DELETE /v2/user/kristy.wilderman HTTP/1.1[\r][\n]"
04-97-2024 09:28:16 Wire.java DEBUG [main] http.wire 73 -  >> "Accept: */*[\r][\n]"
04-97-2024 09:28:16 Wire.java DEBUG [main] http.wire 73 -  >> "Host: petstore.swagger.io[\r][\n]"
04-97-2024 09:28:16 Wire.java DEBUG [main] http.wire 73 -  >> "Connection: Keep-Alive[\r][\n]"
04-97-2024 09:28:16 Wire.java DEBUG [main] http.wire 73 -  >> "User-Agent: Apache-HttpClient/4.5.13 (Java/17.0.8)[\r][\n]"
04-97-2024 09:28:16 Wire.java DEBUG [main] http.wire 73 -  >> "Accept-Encoding: gzip,deflate[\r][\n]"
04-97-2024 09:28:16 Wire.java DEBUG [main] http.wire 73 -  >> "[\r][\n]"
04-97-2024 09:28:16 DefaultClientConnection.java DEBUG [main] http.headers 278 - >> DELETE /v2/user/kristy.wilderman HTTP/1.1
04-97-2024 09:28:16 DefaultClientConnection.java DEBUG [main] http.headers 281 - >> Accept: */*
04-97-2024 09:28:16 DefaultClientConnection.java DEBUG [main] http.headers 281 - >> Host: petstore.swagger.io
04-97-2024 09:28:16 DefaultClientConnection.java DEBUG [main] http.headers 281 - >> Connection: Keep-Alive
04-97-2024 09:28:16 DefaultClientConnection.java DEBUG [main] http.headers 281 - >> User-Agent: Apache-HttpClient/4.5.13 (Java/17.0.8)
04-97-2024 09:28:16 DefaultClientConnection.java DEBUG [main] http.headers 281 - >> Accept-Encoding: gzip,deflate
04-97-2024 09:28:16 Wire.java DEBUG [main] http.wire 73 -  << "HTTP/1.1 200 OK[\r][\n]"
04-97-2024 09:28:16 Wire.java DEBUG [main] http.wire 73 -  << "Date: Sat, 06 Apr 2024 03:58:16 GMT[\r][\n]"
04-97-2024 09:28:16 Wire.java DEBUG [main] http.wire 73 -  << "Content-Type: application/json[\r][\n]"
04-97-2024 09:28:16 Wire.java DEBUG [main] http.wire 73 -  << "Transfer-Encoding: chunked[\r][\n]"
04-97-2024 09:28:16 Wire.java DEBUG [main] http.wire 73 -  << "Connection: keep-alive[\r][\n]"
04-97-2024 09:28:16 Wire.java DEBUG [main] http.wire 73 -  << "Access-Control-Allow-Origin: *[\r][\n]"
04-97-2024 09:28:16 Wire.java DEBUG [main] http.wire 73 -  << "Access-Control-Allow-Methods: GET, POST, DELETE, PUT[\r][\n]"
04-97-2024 09:28:16 Wire.java DEBUG [main] http.wire 73 -  << "Access-Control-Allow-Headers: Content-Type, api_key, Authorization[\r][\n]"
04-97-2024 09:28:16 Wire.java DEBUG [main] http.wire 73 -  << "Server: Jetty(9.2.9.v20150224)[\r][\n]"
04-97-2024 09:28:16 Wire.java DEBUG [main] http.wire 73 -  << "[\r][\n]"
04-97-2024 09:28:16 DefaultClientConnection.java DEBUG [main] conn.DefaultClientConnection 259 - Receiving response: HTTP/1.1 200 OK
04-97-2024 09:28:16 DefaultClientConnection.java DEBUG [main] http.headers 262 - << HTTP/1.1 200 OK
04-97-2024 09:28:16 DefaultClientConnection.java DEBUG [main] http.headers 265 - << Date: Sat, 06 Apr 2024 03:58:16 GMT
04-97-2024 09:28:16 DefaultClientConnection.java DEBUG [main] http.headers 265 - << Content-Type: application/json
04-97-2024 09:28:16 DefaultClientConnection.java DEBUG [main] http.headers 265 - << Transfer-Encoding: chunked
04-97-2024 09:28:16 DefaultClientConnection.java DEBUG [main] http.headers 265 - << Connection: keep-alive
04-97-2024 09:28:16 DefaultClientConnection.java DEBUG [main] http.headers 265 - << Access-Control-Allow-Origin: *
04-97-2024 09:28:16 DefaultClientConnection.java DEBUG [main] http.headers 265 - << Access-Control-Allow-Methods: GET, POST, DELETE, PUT
04-97-2024 09:28:16 DefaultClientConnection.java DEBUG [main] http.headers 265 - << Access-Control-Allow-Headers: Content-Type, api_key, Authorization
04-97-2024 09:28:16 DefaultClientConnection.java DEBUG [main] http.headers 265 - << Server: Jetty(9.2.9.v20150224)
04-97-2024 09:28:16 DefaultRequestDirector.java DEBUG [main] client.DefaultHttpClient 504 - Connection can be kept alive indefinitely
04-97-2024 09:28:16 HTTPBuilder.java DEBUG [main] internal.RestAssuredHttpBuilder 553 - Parsing response as: application/json
04-97-2024 09:28:16 HTTPBuilder.java DEBUG [main] internal.RestAssuredHttpBuilder 556 - Parsed data to instance of: class org.apache.http.conn.EofSensorInputStream
04-97-2024 09:28:16 UserTests2.java INFO  [main] /PetStoreAutomation/logs 101 - User is Deleted
]]></system-out>
  </testcase>
</testsuite>