<?xml version="1.0" encoding="UTF-8"?>
<!-- Generated by org.testng.reporters.JUnitXMLReporter -->
<testsuite ignored="0" hostname="Vivek" failures="0" tests="10" name="petTest" time="21.323" errors="0" timestamp="2024-04-04T09:49:37 IST">
  <testcase classname="api.test.UserTests" name="testPostUser" time="4.244"/>
  <testcase classname="api.test.UserTests" name="testGetUserByName" time="1.526"/>
  <testcase classname="api.test.UserTests" name="testUpdateUserByName" time="2.964"/>
  <testcase classname="api.test.UserTests" name="testDeleteUserByName" time="1.532"/>
  <testcase classname="api.test.DDTests" name="testPostuser" time="1.571"/>
  <testcase classname="api.test.DDTests" name="testPostuser" time="1.533"/>
  <testcase classname="api.test.DDTests" name="testPostuser" time="1.533"/>
  <testcase classname="api.test.DDTests" name="testDeleteUserByName" time="1.442"/>
  <testcase classname="api.test.DDTests" name="testDeleteUserByName" time="1.534"/>
  <testcase classname="api.test.DDTests" name="testDeleteUserByName" time="1.532"/>
</testsuite> <!-- petTest -->
